<?xml version="1.0" encoding="UTF-8"?>
<!-- Generated by org.testng.reporters.JUnitXMLReporter -->
<testsuite ignored="0" hostname="APT04-1DKF7G3" failures="0" tests="6" name="Default test" time="0.054" errors="0" timestamp="2024-07-02T09:08:08 IST">
  <testcase classname="javaPractice.practicedaywhileloop.day4" name="String2" time="0.005"/>
  <testcase classname="javaPractice.practicedaywhileloop.day4" name="String3" time="0.002"/>
  <testcase classname="javaPractice.practicedaywhileloop.day4" name="String6" time="0.001"/>
  <testcase classname="javaPractice.practicedaywhileloop.day4" name="string1" time="0.001"/>
  <testcase classname="javaPractice.practicedaywhileloop.day4" name="string4" time="0.001"/>
  <testcase classname="javaPractice.practicedaywhileloop.day4" name="string5" time="0.001"/>
</testsuite> <!-- Default test -->
